<?xml version="1.0" encoding="UTF-8"?>
<!-- Generated by org.testng.reporters.JUnitXMLReporter -->
<testsuite ignored="0" hostname="BatMan" failures="0" tests="4" name="Default test" time="11.217" errors="0" timestamp="09 Apr 2023 08:21:40 GMT">
  <testcase classname="test.TestAutomation" name="Test1" time="0.007"/>
  <testcase classname="test.TestAutomation" name="Test2" time="0.002"/>
  <testcase classname="test.TestAutomation" name="Test3" time="0.001"/>
  <testcase classname="test.TestAutomation" name="Test4" time="11.185"/>
</testsuite> <!-- Default test -->
