<?xml version="1.0" encoding="UTF-8"?>
<testng-results ignored="0" total="4" passed="4" failed="0" skipped="0">
  <reporter-output>
  </reporter-output>
  <suite started-at="2023-04-09T08:21:29Z" name="Default suite" finished-at="2023-04-09T08:21:40Z" duration-ms="11217">
    <groups>
    </groups>
    <test started-at="2023-04-09T08:21:29Z" name="Default test" finished-at="2023-04-09T08:21:40Z" duration-ms="11217">
      <class name="test.TestAutomation">
        <test-method signature="Test1()[pri:0, instance:test.TestAutomation@b4711e2]" started-at="2023-04-09T08:21:29Z" name="Test1" finished-at="2023-04-09T08:21:29Z" duration-ms="7" status="PASS">
          <reporter-output>
          </reporter-output>
        </test-method> <!-- Test1 -->
        <test-method signature="Test2()[pri:0, instance:test.TestAutomation@b4711e2]" started-at="2023-04-09T08:21:29Z" name="Test2" finished-at="2023-04-09T08:21:29Z" duration-ms="2" status="PASS">
          <reporter-output>
          </reporter-output>
        </test-method> <!-- Test2 -->
        <test-method signature="Test3()[pri:0, instance:test.TestAutomation@b4711e2]" started-at="2023-04-09T08:21:29Z" name="Test3" finished-at="2023-04-09T08:21:29Z" duration-ms="1" status="PASS">
          <reporter-output>
          </reporter-output>
        </test-method> <!-- Test3 -->
        <test-method signature="Test4()[pri:0, instance:test.TestAutomation@b4711e2]" started-at="2023-04-09T08:21:29Z" name="Test4" finished-at="2023-04-09T08:21:40Z" duration-ms="11185" status="PASS">
          <reporter-output>
          </reporter-output>
        </test-method> <!-- Test4 -->
      </class> <!-- test.TestAutomation -->
    </test> <!-- Default test -->
  </suite> <!-- Default suite -->
</testng-results>
