<?xml version="1.0" encoding="UTF-8"?>
<testng-results ignored="0" total="3" passed="3" failed="0" skipped="0">
  <reporter-output>
  </reporter-output>
  <suite started-at="2023-04-09T12:45:33 IST" name="Suite" finished-at="2023-04-09T12:45:33 IST" duration-ms="52">
    <groups>
    </groups>
    <test started-at="2023-04-09T12:45:33 IST" name="Test" finished-at="2023-04-09T12:45:33 IST" duration-ms="52">
      <class name="test.TestAutomation">
        <test-method signature="Test1()[pri:0, instance:test.TestAutomation@57af006c]" started-at="2023-04-09T12:45:33 IST" name="Test1" finished-at="2023-04-09T12:45:33 IST" duration-ms="7" status="PASS">
          <reporter-output>
          </reporter-output>
        </test-method> <!-- Test1 -->
        <test-method signature="Test2()[pri:0, instance:test.TestAutomation@57af006c]" started-at="2023-04-09T12:45:33 IST" name="Test2" finished-at="2023-04-09T12:45:33 IST" duration-ms="2" status="PASS">
          <reporter-output>
          </reporter-output>
        </test-method> <!-- Test2 -->
        <test-method signature="Test3()[pri:0, instance:test.TestAutomation@57af006c]" started-at="2023-04-09T12:45:33 IST" name="Test3" finished-at="2023-04-09T12:45:33 IST" duration-ms="1" status="PASS">
          <reporter-output>
          </reporter-output>
        </test-method> <!-- Test3 -->
      </class> <!-- test.TestAutomation -->
    </test> <!-- Test -->
  </suite> <!-- Suite -->
</testng-results>
